e:\mfcapplication1\mfcapplication1\debug\mfcapplication1.pch
e:\mfcapplication1\mfcapplication1\debug\vc120.pdb
e:\mfcapplication1\mfcapplication1\debug\vc120.idb
e:\mfcapplication1\mfcapplication1\debug\stdafx.obj
e:\mfcapplication1\mfcapplication1\debug\mfcapplication1.obj
e:\mfcapplication1\mfcapplication1\debug\mfcapplication1dlg.obj
e:\mfcapplication1\mfcapplication1\debug\myglobal.obj
e:\mfcapplication1\debug\mfcapplication1.ilk
e:\mfcapplication1\debug\mfcapplication1.exe
e:\mfcapplication1\debug\mfcapplication1.pdb
e:\mfcapplication1\mfcapplication1\debug\mfcapplication1.res
e:\mfcapplication1\mfcapplication1\debug\mfcapplication1.tlog\cl.command.1.tlog
e:\mfcapplication1\mfcapplication1\debug\mfcapplication1.tlog\cl.read.1.tlog
e:\mfcapplication1\mfcapplication1\debug\mfcapplication1.tlog\cl.write.1.tlog
e:\mfcapplication1\mfcapplication1\debug\mfcapplication1.tlog\link.command.1.tlog
e:\mfcapplication1\mfcapplication1\debug\mfcapplication1.tlog\link.read.1.tlog
e:\mfcapplication1\mfcapplication1\debug\mfcapplication1.tlog\link.write.1.tlog
e:\mfcapplication1\mfcapplication1\debug\mfcapplication1.tlog\rc.command.1.tlog
e:\mfcapplication1\mfcapplication1\debug\mfcapplication1.tlog\rc.read.1.tlog
e:\mfcapplication1\mfcapplication1\debug\mfcapplication1.tlog\rc.write.1.tlog
